# JRE version: OpenJDK Runtime Environment (8.0_242-b01) (build 1.8.0_242-release-1644-b01)
# Java VM: OpenJDK 64-Bit Server VM (25.242-b01 mixed mode windows-amd64 compressed oops)
Heap:
 PSYoungGen      total 598016K, used 489665K [0x00000000d5580000, 0x00000000ffb00000, 0x0000000100000000)
  eden space 506368K, 96% used [0x00000000d5580000,0x00000000f33b0678,0x00000000f4400000)
  from space 91648K, 0% used [0x00000000fa180000,0x00000000fa180000,0x00000000ffb00000)
  to   space 93696K, 0% used [0x00000000f4400000,0x00000000f4400000,0x00000000f9f80000)
 ParOldGen       total 452608K, used 128568K [0x0000000080000000, 0x000000009ba00000, 0x00000000d5580000)
  object space 452608K, 28% used [0x0000000080000000,0x0000000087d8e168,0x000000009ba00000)
 Metaspace       used 175725K, capacity 185006K, committed 194580K, reserved 1218560K
  class space    used 22163K, capacity 23807K, committed 25404K, reserved 1048576K
GC Heap History (10 events):
Event: 1728.096 GC heap before
{Heap before GC invocations=57 (full 6):
 PSYoungGen      total 571904K, used 571875K [0x00000000d5580000, 0x0000000100000000, 0x0000000100000000)
  eden space 481792K, 100% used [0x00000000d5580000,0x00000000f2c00000,0x00000000f2c00000)
  from space 90112K, 99% used [0x00000000fa800000,0x00000000ffff8fd8,0x0000000100000000)
  to   space 108544K, 0% used [0x00000000f2c00000,0x00000000f2c00000,0x00000000f9600000)
 ParOldGen       total 452608K, used 357428K [0x0000000080000000, 0x000000009ba00000, 0x00000000d5580000)
  object space 452608K, 78% used [0x0000000080000000,0x0000000095d0d3d0,0x000000009ba00000)
 Metaspace       used 181076K, capacity 191986K, committed 192276K, reserved 1216512K
  class space    used 23031K, capacity 25032K, committed 25148K, reserved 1048576K
Event: 1729.022 GC heap after
Heap after GC invocations=57 (full 6):
 PSYoungGen      total 590336K, used 21034K [0x00000000d5580000, 0x0000000100000000, 0x0000000100000000)
  eden space 481792K, 0% used [0x00000000d5580000,0x00000000d5580000,0x00000000f2c00000)
  from space 108544K, 19% used [0x00000000f2c00000,0x00000000f408a860,0x00000000f9600000)
  to   space 104448K, 0% used [0x00000000f9a00000,0x00000000f9a00000,0x0000000100000000)
 ParOldGen       total 452608K, used 359174K [0x0000000080000000, 0x000000009ba00000, 0x00000000d5580000)
  object space 452608K, 79% used [0x0000000080000000,0x0000000095ec19a0,0x000000009ba00000)
 Metaspace       used 181076K, capacity 191986K, committed 192276K, reserved 1216512K
  class space    used 23031K, capacity 25032K, committed 25148K, reserved 1048576K
}
Event: 1800.891 GC heap before
{Heap before GC invocations=58 (full 6):
 PSYoungGen      total 590336K, used 502826K [0x00000000d5580000, 0x0000000100000000, 0x0000000100000000)
  eden space 481792K, 100% used [0x00000000d5580000,0x00000000f2c00000,0x00000000f2c00000)
  from space 108544K, 19% used [0x00000000f2c00000,0x00000000f408a860,0x00000000f9600000)
  to   space 104448K, 0% used [0x00000000f9a00000,0x00000000f9a00000,0x0000000100000000)
 ParOldGen       total 452608K, used 359174K [0x0000000080000000, 0x000000009ba00000, 0x00000000d5580000)
  object space 452608K, 79% used [0x0000000080000000,0x0000000095ec19a0,0x000000009ba00000)
 Metaspace       used 181561K, capacity 192778K, committed 193044K, reserved 1216512K
  class space    used 23087K, capacity 25120K, committed 25148K, reserved 1048576K
Event: 1801.507 GC heap after
Heap after GC invocations=58 (full 6):
 PSYoungGen      total 578048K, used 17016K [0x00000000d5580000, 0x00000000ff400000, 0x0000000100000000)
  eden space 485888K, 0% used [0x00000000d5580000,0x00000000d5580000,0x00000000f3000000)
  from space 92160K, 18% used [0x00000000f9a00000,0x00000000faa9e010,0x00000000ff400000)
  to   space 100352K, 0% used [0x00000000f3000000,0x00000000f3000000,0x00000000f9200000)
 ParOldGen       total 452608K, used 362314K [0x0000000080000000, 0x000000009ba00000, 0x00000000d5580000)
  object space 452608K, 80% used [0x0000000080000000,0x00000000961d2a20,0x000000009ba00000)
 Metaspace       used 181561K, capacity 192778K, committed 193044K, reserved 1216512K
  class space    used 23087K, capacity 25120K, committed 25148K, reserved 1048576K
}
Event: 1999.206 GC heap before
{Heap before GC invocations=59 (full 6):
 PSYoungGen      total 578048K, used 502904K [0x00000000d5580000, 0x00000000ff400000, 0x0000000100000000)
  eden space 485888K, 100% used [0x00000000d5580000,0x00000000f3000000,0x00000000f3000000)
  from space 92160K, 18% used [0x00000000f9a00000,0x00000000faa9e010,0x00000000ff400000)
  to   space 100352K, 0% used [0x00000000f3000000,0x00000000f3000000,0x00000000f9200000)
 ParOldGen       total 452608K, used 362314K [0x0000000080000000, 0x000000009ba00000, 0x00000000d5580000)
  object space 452608K, 80% used [0x0000000080000000,0x00000000961d2a20,0x000000009ba00000)
 Metaspace       used 181884K, capacity 193346K, committed 193428K, reserved 1218560K
  class space    used 23120K, capacity 25210K, committed 25276K, reserved 1048576K
Event: 2000.027 GC heap after
Heap after GC invocations=59 (full 6):
 PSYoungGen      total 586240K, used 16323K [0x00000000d5580000, 0x0000000100000000, 0x0000000100000000)
  eden space 485888K, 0% used [0x00000000d5580000,0x00000000d5580000,0x00000000f3000000)
  from space 100352K, 16% used [0x00000000f3000000,0x00000000f3ff0cf8,0x00000000f9200000)
  to   space 96768K, 0% used [0x00000000fa180000,0x00000000fa180000,0x0000000100000000)
 ParOldGen       total 452608K, used 362322K [0x0000000080000000, 0x000000009ba00000, 0x00000000d5580000)
  object space 452608K, 80% used [0x0000000080000000,0x00000000961d4a20,0x000000009ba00000)
 Metaspace       used 181884K, capacity 193346K, committed 193428K, reserved 1218560K
  class space    used 23120K, capacity 25210K, committed 25276K, reserved 1048576K
}
Event: 4752.810 GC heap before
{Heap before GC invocations=60 (full 6):
 PSYoungGen      total 586240K, used 444709K [0x00000000d5580000, 0x0000000100000000, 0x0000000100000000)
  eden space 485888K, 88% used [0x00000000d5580000,0x00000000ef7d88c8,0x00000000f3000000)
  from space 100352K, 16% used [0x00000000f3000000,0x00000000f3ff0cf8,0x00000000f9200000)
  to   space 96768K, 0% used [0x00000000fa180000,0x00000000fa180000,0x0000000100000000)
 ParOldGen       total 452608K, used 362322K [0x0000000080000000, 0x000000009ba00000, 0x00000000d5580000)
  object space 452608K, 80% used [0x0000000080000000,0x00000000961d4a20,0x000000009ba00000)
 Metaspace       used 182282K, capacity 194402K, committed 194580K, reserved 1218560K
  class space    used 23209K, capacity 25374K, committed 25404K, reserved 1048576K
Event: 4753.567 GC heap after
Heap after GC invocations=60 (full 6):
 PSYoungGen      total 598016K, used 11567K [0x00000000d5580000, 0x00000000ffb00000, 0x0000000100000000)
  eden space 506368K, 0% used [0x00000000d5580000,0x00000000d5580000,0x00000000f4400000)
  from space 91648K, 12% used [0x00000000fa180000,0x00000000faccbc08,0x00000000ffb00000)
  to   space 93696K, 0% used [0x00000000f4400000,0x00000000f4400000,0x00000000f9f80000)
 ParOldGen       total 452608K, used 362330K [0x0000000080000000, 0x000000009ba00000, 0x00000000d5580000)
  object space 452608K, 80% used [0x0000000080000000,0x00000000961d6a20,0x000000009ba00000)
 Metaspace       used 182282K, capacity 194402K, committed 194580K, reserved 1218560K
  class space    used 23209K, capacity 25374K, committed 25404K, reserved 1048576K
}
Event: 4753.567 GC heap before
{Heap before GC invocations=61 (full 7):
 PSYoungGen      total 598016K, used 11567K [0x00000000d5580000, 0x00000000ffb00000, 0x0000000100000000)
  eden space 506368K, 0% used [0x00000000d5580000,0x00000000d5580000,0x00000000f4400000)
  from space 91648K, 12% used [0x00000000fa180000,0x00000000faccbc08,0x00000000ffb00000)
  to   space 93696K, 0% used [0x00000000f4400000,0x00000000f4400000,0x00000000f9f80000)
 ParOldGen       total 452608K, used 362330K [0x0000000080000000, 0x000000009ba00000, 0x00000000d5580000)
  object space 452608K, 80% used [0x0000000080000000,0x00000000961d6a20,0x000000009ba00000)
 Metaspace       used 182282K, capacity 194402K, committed 194580K, reserved 1218560K
  class space    used 23209K, capacity 25374K, committed 25404K, reserved 1048576K
Event: 4761.524 GC heap after
Heap after GC invocations=61 (full 7):
 PSYoungGen      total 598016K, used 0K [0x00000000d5580000, 0x00000000ffb00000, 0x0000000100000000)
  eden space 506368K, 0% used [0x00000000d5580000,0x00000000d5580000,0x00000000f4400000)
  from space 91648K, 0% used [0x00000000fa180000,0x00000000fa180000,0x00000000ffb00000)
  to   space 93696K, 0% used [0x00000000f4400000,0x00000000f4400000,0x00000000f9f80000)
 ParOldGen       total 452608K, used 128568K [0x0000000080000000, 0x000000009ba00000, 0x00000000d5580000)
  object space 452608K, 28% used [0x0000000080000000,0x0000000087d8e168,0x000000009ba00000)
 Metaspace       used 174709K, capacity 183618K, committed 194580K, reserved 1218560K
  class space    used 22046K, capacity 23589K, committed 25404K, reserved 1048576K
}

